<?xml version="1.0" encoding="UTF-8"?>
<testsuite name="org.example.SumCalculatorTest" tests="3" skipped="0" failures="0" errors="0" timestamp="2023-04-10T16:12:44" hostname="DESKTOP-C9L4VBO" time="0.042">
  <properties/>
  <testcase name="testThatSumOneWorksCorrect()" classname="org.example.SumCalculatorTest" time="0.035"/>
  <testcase name="testThatSumNullWorksCorrect()" classname="org.example.SumCalculatorTest" time="0.003"/>
  <testcase name="testThatSumThreeWorksCorrect()" classname="org.example.SumCalculatorTest" time="0.001"/>
  <system-out><![CDATA[]]></system-out>
  <system-err><![CDATA[]]></system-err>
</testsuite>
